app/build/intermediates/manifest_merge_blame_file/debug/manifest-merger-blame-debug-report.txt
1<?xml version="1.0" encoding="utf-8"?>
2<manifest xmlns:android="http://schemas.android.com/apk/res/android"
3    package="com.android.pharmacy"
4    android:versionCode="1"
5    android:versionName="1.0" >
6
7    <uses-sdk
8        android:minSdkVersion="24"
8-->src\main\AndroidManifest.xml
9        android:targetSdkVersion="29" />
9-->src\main\AndroidManifest.xml
10
11    <uses-permission android:name="android.permission.ACCESS_FINE_LOCATION" />
11-->src\main\AndroidManifest.xml:6:5-78
11-->src\main\AndroidManifest.xml:6:22-76
12    <uses-permission android:name="android.permission.ACCESS_LOCATION_EXTRA_COMMANDS" />
12-->src\main\AndroidManifest.xml:7:5-105
12-->src\main\AndroidManifest.xml:7:22-86
13    <uses-permission android:name="android.permission.ACCESS_BACKGROUND_LOCATION" />
13-->src\main\AndroidManifest.xml:8:5-101
13-->src\main\AndroidManifest.xml:8:22-82
14    <uses-permission android:name="android.permission.INTERNET" />
14-->src\main\AndroidManifest.xml:9:5-67
14-->src\main\AndroidManifest.xml:9:22-64
15    <uses-permission android:name="android.permission.WRITE_EXTERNAL_STORAGE" />
15-->src\main\AndroidManifest.xml:10:5-81
15-->src\main\AndroidManifest.xml:10:22-78
16    <uses-permission android:name="android.permission.READ_EXTERNAL_STORAGE" />
16-->src\main\AndroidManifest.xml:11:5-80
16-->src\main\AndroidManifest.xml:11:22-77
17    <uses-permission android:name="android.permission.ACCESS_NETWORK_STATE" />
17-->src\main\AndroidManifest.xml:12:5-79
17-->src\main\AndroidManifest.xml:12:22-76
18    <uses-permission android:name="android.permission.INSTALL_LOCATION_PROVIDER" />
18-->src\main\AndroidManifest.xml:13:5-14:63
18-->src\main\AndroidManifest.xml:13:22-81
19
20    <permission
20-->src\main\AndroidManifest.xml:15:5-17:47
21        android:name="spartons.com.googlemapcustommarkercluster.permission.MAPS_RECEIVE"
21-->src\main\AndroidManifest.xml:16:9-89
22        android:protectionLevel="signature" />
22-->src\main\AndroidManifest.xml:17:9-44
23
24    <uses-feature
24-->src\main\AndroidManifest.xml:19:5-21:35
25        android:glEsVersion="0x00020000"
25-->src\main\AndroidManifest.xml:20:9-41
26        android:required="true" />
26-->src\main\AndroidManifest.xml:21:9-32
27
28    <application
28-->src\main\AndroidManifest.xml:23:5-51:19
29        android:allowBackup="true"
29-->src\main\AndroidManifest.xml:24:9-35
30        android:appComponentFactory="androidx.core.app.CoreComponentFactory"
30-->[androidx.core:core:1.3.1] AndroidManifest.xml:24:18-86
31        android:debuggable="true"
32        android:extractNativeLibs="false"
33        android:icon="@mipmap/ic_launcher"
33-->src\main\AndroidManifest.xml:25:9-43
34        android:label="@string/app_name"
34-->src\main\AndroidManifest.xml:26:9-41
35        android:roundIcon="@mipmap/ic_launcher_round"
35-->src\main\AndroidManifest.xml:27:9-54
36        android:supportsRtl="true"
36-->src\main\AndroidManifest.xml:28:9-35
37        android:testOnly="true"
38        android:theme="@style/Theme.FoodOrderApp" >
38-->src\main\AndroidManifest.xml:29:9-50
39        <activity android:name="com.android.pharmacy.OrderSucceessActivity" />
39-->src\main\AndroidManifest.xml:30:9-68
39-->src\main\AndroidManifest.xml:30:19-56
40        <activity android:name="com.android.pharmacy.LoginActivity" />
40-->src\main\AndroidManifest.xml:31:9-60
40-->src\main\AndroidManifest.xml:31:19-48
41        <activity android:name="com.android.pharmacy.SignupActivity" />
41-->src\main\AndroidManifest.xml:32:9-62
41-->src\main\AndroidManifest.xml:32:19-49
42        <activity android:name="com.android.pharmacy.PlaceYourOrderActivity" />
42-->src\main\AndroidManifest.xml:33:9-70
42-->src\main\AndroidManifest.xml:33:19-57
43        <activity android:name="com.android.pharmacy.PharmacyMenuActivity" />
43-->src\main\AndroidManifest.xml:34:9-68
43-->src\main\AndroidManifest.xml:34:19-55
44        <activity android:name="com.android.pharmacy.MapActivity" />
44-->src\main\AndroidManifest.xml:35:9-59
44-->src\main\AndroidManifest.xml:35:19-46
45        <activity android:name="com.android.pharmacy.SplashActivity" >
45-->src\main\AndroidManifest.xml:36:9-42:20
45-->src\main\AndroidManifest.xml:36:19-49
46            <intent-filter>
46-->src\main\AndroidManifest.xml:37:13-41:29
47                <action android:name="android.intent.action.MAIN" />
47-->src\main\AndroidManifest.xml:38:17-69
47-->src\main\AndroidManifest.xml:38:25-66
48
49                <category android:name="android.intent.category.LAUNCHER" />
49-->src\main\AndroidManifest.xml:40:17-77
49-->src\main\AndroidManifest.xml:40:27-74
50            </intent-filter>
51        </activity>
52        <activity android:name="com.android.pharmacy.MainActivity" />
52-->src\main\AndroidManifest.xml:43:9-50
52-->src\main\AndroidManifest.xml:43:19-47
53
54        <meta-data
54-->src\main\AndroidManifest.xml:44:9-46:71
55            android:name="com.google.android.geo.API_KEY"
55-->src\main\AndroidManifest.xml:45:13-58
56            android:value="AIzaSyD0Mq1i8QlxhmVPD18U_qO9uX_J7uz9LFI" />
56-->src\main\AndroidManifest.xml:46:13-68
57        <meta-data
57-->src\main\AndroidManifest.xml:48:9-50:69
58            android:name="com.google.android.gms.version"
58-->src\main\AndroidManifest.xml:49:13-58
59            android:value="@integer/google_play_services_version" />
59-->src\main\AndroidManifest.xml:50:13-66
60
61        <provider
61-->[com.squareup.picasso:picasso:2.71828] AndroidManifest.xml:8:9-11:40
62            android:name="com.squareup.picasso.PicassoProvider"
62-->[com.squareup.picasso:picasso:2.71828] AndroidManifest.xml:9:13-64
63            android:authorities="com.android.pharmacy.com.squareup.picasso"
63-->[com.squareup.picasso:picasso:2.71828] AndroidManifest.xml:10:13-72
64            android:exported="false" /> <!-- Needs to be explicitly declared on P+ -->
64-->[com.squareup.picasso:picasso:2.71828] AndroidManifest.xml:11:13-37
65        <uses-library
65-->[com.google.android.gms:play-services-maps:17.0.0] AndroidManifest.xml:33:9-35:40
66            android:name="org.apache.http.legacy"
66-->[com.google.android.gms:play-services-maps:17.0.0] AndroidManifest.xml:34:13-50
67            android:required="false" />
67-->[com.google.android.gms:play-services-maps:17.0.0] AndroidManifest.xml:35:13-37
68
69        <activity
69-->[com.google.android.gms:play-services-base:17.0.0] AndroidManifest.xml:23:9-26:75
70            android:name="com.google.android.gms.common.api.GoogleApiActivity"
70-->[com.google.android.gms:play-services-base:17.0.0] AndroidManifest.xml:24:13-79
71            android:exported="false"
71-->[com.google.android.gms:play-services-base:17.0.0] AndroidManifest.xml:25:13-37
72            android:theme="@android:style/Theme.Translucent.NoTitleBar" />
72-->[com.google.android.gms:play-services-base:17.0.0] AndroidManifest.xml:26:13-72
73
74        <provider
74-->[androidx.lifecycle:lifecycle-process:2.0.0] AndroidManifest.xml:23:9-27:43
75            android:name="androidx.lifecycle.ProcessLifecycleOwnerInitializer"
75-->[androidx.lifecycle:lifecycle-process:2.0.0] AndroidManifest.xml:24:13-79
76            android:authorities="com.android.pharmacy.lifecycle-process"
76-->[androidx.lifecycle:lifecycle-process:2.0.0] AndroidManifest.xml:25:13-69
77            android:exported="false"
77-->[androidx.lifecycle:lifecycle-process:2.0.0] AndroidManifest.xml:26:13-37
78            android:multiprocess="true" />
78-->[androidx.lifecycle:lifecycle-process:2.0.0] AndroidManifest.xml:27:13-40
79    </application>
80
81</manifest>